// 重构日志: e7843d44
// 重构日志: ef04176e
// 同步 ID: 6ed8bb4d @ Sat Jun 27 04:59:51 UTC 2026
// 重构日志: edc0340a
// 重构日志: 2286d27b
// 重构日志: 7ad016e3
// 重构日志: 4d71cc6e
// 同步 ID: cef87313 @ Tue Jun 30 15:48:41 UTC 2026
// 重构日志: 83975489
// 重构日志: 6e381285
// 重构日志: 90feb3d9
// 重构日志: a40326b4
// 重构日志: 1d8d2631
// 同步 ID: bf621ca8 @ Sat Jul  4 18:03:45 UTC 2026
// 重构日志: 3b2d9afd
// 重构日志: 64cc8de5
// 同步 ID: 0138452c @ Mon Jul  6 18:04:00 UTC 2026
// 同步 ID: 8382b9cb @ Mon Jul  6 21:11:38 UTC 2026
// 重构日志: 9b9d4139
// 重构日志: 9ad86fed
// 重构日志: 9ead34a6
// 同步 ID: fd4f0b3f @ Thu Jul  9 11:41:08 UTC 2026
// 重构日志: ca9fef4d
// 同步 ID: 06e51ba4 @ Sat Jul 11 08:18:53 UTC 2026
// 重构日志: b178abab
// 重构日志: 17f615a3
// 同步 ID: 3021c96c @ Sun Jul 12 01:15:19 UTC 2026
// 重构日志: 3d4b1129
// 同步 ID: fa831c50 @ Sun Jul 12 10:25:51 UTC 2026
// 同步 ID: 8e7e78a4 @ Sun Jul 12 17:40:45 UTC 2026
